mode: set
hey-bobik/internal/orchestrator/context.go:21.51,26.2 1 1
hey-bobik/internal/orchestrator/context.go:29.53,33.33 3 1
hey-bobik/internal/orchestrator/context.go:33.33,35.3 1 1
hey-bobik/internal/orchestrator/context.go:35.8,37.3 1 1
hey-bobik/internal/orchestrator/context.go:41.53,48.2 5 1
hey-bobik/internal/orchestrator/orchestrator.go:49.57,52.6 2 0
hey-bobik/internal/orchestrator/orchestrator.go:52.6,53.10 1 0
hey-bobik/internal/orchestrator/orchestrator.go:54.21,55.20 1 0
hey-bobik/internal/orchestrator/orchestrator.go:56.11,57.41 1 0
hey-bobik/internal/orchestrator/orchestrator.go:57.41,59.5 1 0
hey-bobik/internal/orchestrator/orchestrator.go:64.59,71.12 4 1
hey-bobik/internal/orchestrator/orchestrator.go:71.12,73.7 2 1
hey-bobik/internal/orchestrator/orchestrator.go:73.7,74.11 1 1
hey-bobik/internal/orchestrator/orchestrator.go:75.25,76.11 1 1
hey-bobik/internal/orchestrator/orchestrator.go:77.17,79.24 2 0
hey-bobik/internal/orchestrator/orchestrator.go:79.24,81.11 1 0
hey-bobik/internal/orchestrator/orchestrator.go:83.10,85.34 3 0
hey-bobik/internal/orchestrator/orchestrator.go:90.2,91.16 2 1
hey-bobik/internal/orchestrator/orchestrator.go:91.16,93.3 1 0
hey-bobik/internal/orchestrator/orchestrator.go:95.2,95.14 1 1
hey-bobik/internal/orchestrator/orchestrator.go:95.14,103.17 4 1
hey-bobik/internal/orchestrator/orchestrator.go:103.17,105.4 1 0
hey-bobik/internal/orchestrator/orchestrator.go:106.3,108.17 2 1
hey-bobik/internal/orchestrator/orchestrator.go:108.17,110.4 1 0
hey-bobik/internal/orchestrator/orchestrator.go:113.3,114.17 2 1
hey-bobik/internal/orchestrator/orchestrator.go:114.17,117.4 2 0
hey-bobik/internal/orchestrator/orchestrator.go:118.3,122.17 3 1
hey-bobik/internal/orchestrator/orchestrator.go:122.17,125.4 2 0
hey-bobik/internal/orchestrator/orchestrator.go:127.3,127.63 1 1
hey-bobik/internal/orchestrator/orchestrator.go:130.2,130.12 1 1
